<?xml version="1.0" encoding="UTF-8"?>
<!-- Generated by org.testng.reporters.JUnitReportReporter -->
<testsuite skipped="0" hostname="DESKTOP-6VUTV55" name="testcases.AppLogin" tests="1" failures="0" timestamp="23 Mar 2019 12:39:48 GMT" time="50.217" errors="0">
  <testcase name="login" time="50.217" classname="testcases.AppLogin"/>
</testsuite> <!-- testcases.AppLogin -->
