<?xml version="1.0" encoding="UTF-8"?>
<!-- Generated by org.testng.reporters.JUnitReportReporter -->
<testsuite hostname="DESKTOP-6VUTV55" name="testngprac.Prac3" tests="1" failures="0" timestamp="25 Feb 2019 17:33:33 GMT" time="0.015" errors="0">
  <testcase name="loginapicarloan" time="0.015" classname="testngprac.Prac3"/>
</testsuite> <!-- testngprac.Prac3 -->
