<?xml version="1.0" encoding="UTF-8"?>
<!-- Generated by org.testng.reporters.JUnitReportReporter -->
<testsuite hostname="DESKTOP-6VUTV55" name="testngprac.Prac4" tests="1" failures="0" timestamp="25 Feb 2019 17:33:33 GMT" time="0.000" errors="0">
  <testcase name="mobilehomeloan" time="0.000" classname="testngprac.Prac4"/>
</testsuite> <!-- testngprac.Prac4 -->
