<?xml version="1.0" encoding="UTF-8"?>
<!-- Generated by org.testng.reporters.JUnitReportReporter -->
<testsuite hostname="DESKTOP-6VUTV55" name="testngprac.Prac" tests="2" failures="0" timestamp="25 Feb 2019 17:33:33 GMT" time="0.047" errors="0">
  <testcase name="speed" time="0.015" classname="testngprac.Prac"/>
  <testcase name="demo" time="0.032" classname="testngprac.Prac"/>
</testsuite> <!-- testngprac.Prac -->
