<?xml version="1.0" encoding="UTF-8"?>
<!-- Generated by org.testng.reporters.JUnitReportReporter -->
<testsuite skipped="1" hostname="DESKTOP-6VUTV55" name="practice.Prac4" tests="3" failures="0" timestamp="04 Mar 2019 17:31:10 GMT" time="0.109" errors="0">
  <testcase name="apihloan" time="0.015" classname="practice.Prac4"/>
  <testcase name="webhloan" time="0.094" classname="practice.Prac4"/>
  <testcase name="mobilehloan" classname="practice.Prac4">
    <skipped/>
  </testcase> <!-- mobilehloan -->
</testsuite> <!-- practice.Prac4 -->
