<?xml version="1.0" encoding="UTF-8"?>
<!-- Generated by org.testng.reporters.JUnitReportReporter -->
<testsuite skipped="0" hostname="DESKTOP-6VUTV55" name="practice.Prac3" tests="2" failures="0" timestamp="04 Mar 2019 17:31:10 GMT" time="0.017" errors="0">
  <testcase name="apicloan" time="0.001" classname="practice.Prac3"/>
  <testcase name="webcloan" time="0.016" classname="practice.Prac3"/>
</testsuite> <!-- practice.Prac3 -->
